# JRE version: Java(TM) SE Runtime Environment (8.0_91-b14) (build 1.8.0_91-b14)
# Java VM: Java HotSpot(TM) 64-Bit Server VM (25.91-b14 mixed mode bsd-amd64 compressed oops)
Heap:
 PSYoungGen      total 71680K, used 19330K [0x0000000795580000, 0x000000079d080000, 0x00000007c0000000)
  eden space 66560K, 28% used [0x0000000795580000,0x0000000796808a10,0x0000000799680000)
  from space 5120K, 6% used [0x0000000799680000,0x00000007996d8000,0x0000000799b80000)
  to   space 5120K, 0% used [0x000000079cb80000,0x000000079cb80000,0x000000079d080000)
 ParOldGen       total 189440K, used 36278K [0x0000000740000000, 0x000000074b900000, 0x0000000795580000)
  object space 189440K, 19% used [0x0000000740000000,0x000000074236db78,0x000000074b900000)
 Metaspace       used 9755K, capacity 9941K, committed 10112K, reserved 1058816K
  class space    used 1019K, capacity 1085K, committed 1152K, reserved 1048576K
GC Heap History (8 events):
Event: 0.708 GC heap before
{Heap before GC invocations=1 (full 0):
 PSYoungGen      total 38400K, used 22927K [0x0000000795580000, 0x0000000798000000, 0x00000007c0000000)
  eden space 33280K, 68% used [0x0000000795580000,0x0000000796be3c98,0x0000000797600000)
  from space 5120K, 0% used [0x0000000797b00000,0x0000000797b00000,0x0000000798000000)
  to   space 5120K, 0% used [0x0000000797600000,0x0000000797600000,0x0000000797b00000)
 ParOldGen       total 87552K, used 0K [0x0000000740000000, 0x0000000745580000, 0x0000000795580000)
  object space 87552K, 0% used [0x0000000740000000,0x0000000740000000,0x0000000745580000)
 Metaspace       used 8337K, capacity 8487K, committed 8704K, reserved 1056768K
  class space    used 871K, capacity 922K, committed 1024K, reserved 1048576K
Event: 0.717 GC heap after
Heap after GC invocations=1 (full 0):
 PSYoungGen      total 38400K, used 2562K [0x0000000795580000, 0x000000079a080000, 0x00000007c0000000)
  eden space 33280K, 0% used [0x0000000795580000,0x0000000795580000,0x0000000797600000)
  from space 5120K, 50% used [0x0000000797600000,0x0000000797880a08,0x0000000797b00000)
  to   space 5120K, 0% used [0x0000000799b80000,0x0000000799b80000,0x000000079a080000)
 ParOldGen       total 87552K, used 18241K [0x0000000740000000, 0x0000000745580000, 0x0000000795580000)
  object space 87552K, 20% used [0x0000000740000000,0x00000007411d0430,0x0000000745580000)
 Metaspace       used 8337K, capacity 8487K, committed 8704K, reserved 1056768K
  class space    used 871K, capacity 922K, committed 1024K, reserved 1048576K
}
Event: 0.897 GC heap before
{Heap before GC invocations=2 (full 0):
 PSYoungGen      total 38400K, used 35842K [0x0000000795580000, 0x000000079a080000, 0x00000007c0000000)
  eden space 33280K, 100% used [0x0000000795580000,0x0000000797600000,0x0000000797600000)
  from space 5120K, 50% used [0x0000000797600000,0x0000000797880a08,0x0000000797b00000)
  to   space 5120K, 0% used [0x0000000799b80000,0x0000000799b80000,0x000000079a080000)
 ParOldGen       total 87552K, used 18241K [0x0000000740000000, 0x0000000745580000, 0x0000000795580000)
  object space 87552K, 20% used [0x0000000740000000,0x00000007411d0430,0x0000000745580000)
 Metaspace       used 9404K, capacity 9589K, committed 9856K, reserved 1058816K
  class space    used 1003K, capacity 1053K, committed 1152K, reserved 1048576K
Event: 0.925 GC heap after
Heap after GC invocations=2 (full 0):
 PSYoungGen      total 71680K, used 1906K [0x0000000795580000, 0x000000079a080000, 0x00000007c0000000)
  eden space 66560K, 0% used [0x0000000795580000,0x0000000795580000,0x0000000799680000)
  from space 5120K, 37% used [0x0000000799b80000,0x0000000799d5c8f0,0x000000079a080000)
  to   space 5120K, 0% used [0x0000000799680000,0x0000000799680000,0x0000000799b80000)
 ParOldGen       total 112128K, used 111813K [0x0000000740000000, 0x0000000746d80000, 0x0000000795580000)
  object space 112128K, 99% used [0x0000000740000000,0x0000000746d314d0,0x0000000746d80000)
 Metaspace       used 9404K, capacity 9589K, committed 9856K, reserved 1058816K
  class space    used 1003K, capacity 1053K, committed 1152K, reserved 1048576K
}
Event: 0.925 GC heap before
{Heap before GC invocations=3 (full 1):
 PSYoungGen      total 71680K, used 1906K [0x0000000795580000, 0x000000079a080000, 0x00000007c0000000)
  eden space 66560K, 0% used [0x0000000795580000,0x0000000795580000,0x0000000799680000)
  from space 5120K, 37% used [0x0000000799b80000,0x0000000799d5c8f0,0x000000079a080000)
  to   space 5120K, 0% used [0x0000000799680000,0x0000000799680000,0x0000000799b80000)
 ParOldGen       total 112128K, used 111813K [0x0000000740000000, 0x0000000746d80000, 0x0000000795580000)
  object space 112128K, 99% used [0x0000000740000000,0x0000000746d314d0,0x0000000746d80000)
 Metaspace       used 9404K, capacity 9589K, committed 9856K, reserved 1058816K
  class space    used 1003K, capacity 1053K, committed 1152K, reserved 1048576K
Event: 0.942 GC heap after
Heap after GC invocations=3 (full 1):
 PSYoungGen      total 71680K, used 0K [0x0000000795580000, 0x000000079a080000, 0x00000007c0000000)
  eden space 66560K, 0% used [0x0000000795580000,0x0000000795580000,0x0000000799680000)
  from space 5120K, 0% used [0x0000000799b80000,0x0000000799b80000,0x000000079a080000)
  to   space 5120K, 0% used [0x0000000799680000,0x0000000799680000,0x0000000799b80000)
 ParOldGen       total 189440K, used 36270K [0x0000000740000000, 0x000000074b900000, 0x0000000795580000)
  object space 189440K, 19% used [0x0000000740000000,0x000000074236bb78,0x000000074b900000)
 Metaspace       used 9404K, capacity 9589K, committed 9856K, reserved 1058816K
  class space    used 1003K, capacity 1053K, committed 1152K, reserved 1048576K
}
Event: 1.212 GC heap before
{Heap before GC invocations=4 (full 1):
 PSYoungGen      total 71680K, used 66560K [0x0000000795580000, 0x000000079a080000, 0x00000007c0000000)
  eden space 66560K, 100% used [0x0000000795580000,0x0000000799680000,0x0000000799680000)
  from space 5120K, 0% used [0x0000000799b80000,0x0000000799b80000,0x000000079a080000)
  to   space 5120K, 0% used [0x0000000799680000,0x0000000799680000,0x0000000799b80000)
 ParOldGen       total 189440K, used 36270K [0x0000000740000000, 0x000000074b900000, 0x0000000795580000)
  object space 189440K, 19% used [0x0000000740000000,0x000000074236bb78,0x000000074b900000)
 Metaspace       used 9497K, capacity 9685K, committed 9856K, reserved 1058816K
  class space    used 1011K, capacity 1085K, committed 1152K, reserved 1048576K
Event: 1.214 GC heap after
Heap after GC invocations=4 (full 1):
 PSYoungGen      total 71680K, used 352K [0x0000000795580000, 0x000000079d080000, 0x00000007c0000000)
  eden space 66560K, 0% used [0x0000000795580000,0x0000000795580000,0x0000000799680000)
  from space 5120K, 6% used [0x0000000799680000,0x00000007996d8000,0x0000000799b80000)
  to   space 5120K, 0% used [0x000000079cb80000,0x000000079cb80000,0x000000079d080000)
 ParOldGen       total 189440K, used 36278K [0x0000000740000000, 0x000000074b900000, 0x0000000795580000)
  object space 189440K, 19% used [0x0000000740000000,0x000000074236db78,0x000000074b900000)
 Metaspace       used 9497K, capacity 9685K, committed 9856K, reserved 1058816K
  class space    used 1011K, capacity 1085K, committed 1152K, reserved 1048576K
}

